<?xml version="1.0" encoding="UTF-8"?>
<!-- Generated by org.testng.reporters.JUnitXMLReporter -->
<testsuite ignored="0" hostname="IBM-D9732F3" failures="1" tests="3" name="ErrorValidation" time="11.09" errors="0" timestamp="2024-03-20T12:56:04 IST">
  <testcase classname="Selenium.Framework.ErrorValidation" name="LoginErrorValidation" time="0.928">
    <skipped/>
  </testcase> <!-- LoginErrorValidation -->
  <testcase classname="Selenium.Framework.ErrorValidation" name="LoginErrorValidation" time="0.428">
    <failure type="java.lang.AssertionError" message="expected [Incorrect email or password.] but found [Incorrect email password.]">
      <![CDATA[java.lang.AssertionError: expected [Incorrect email or password.] but found [Incorrect email password.]
at Selenium.Framework.ErrorValidation.LoginErrorValidation(ErrorValidation.java:22)
at java.base/java.util.ArrayList.forEach(ArrayList.java:1511)
... Removed 33 stack frames]]>
    </failure>
  </testcase> <!-- LoginErrorValidation -->
  <testcase classname="Selenium.Framework.ErrorValidation" name="VerifyProductAdded" time="3.347"/>
</testsuite> <!-- ErrorValidation -->
