<?xml version="1.0" encoding="UTF-8"?>
<!-- Generated by org.testng.reporters.JUnitXMLReporter -->
<testsuite ignored="0" hostname="IBM-D9732F3" failures="2" tests="3" name="ErrorValidation" time="12.54" errors="0" timestamp="2024-03-22T21:16:09 IST">
  <testcase classname="Selenium.Framework.ErrorValidation" name="LoginErrorValidation" time="0.429">
    <skipped/>
  </testcase> <!-- LoginErrorValidation -->
  <testcase classname="Selenium.Framework.ErrorValidation" name="LoginErrorValidation" time="0.505">
    <failure type="java.lang.AssertionError" message="expected [Incorrect email or password.] but found [Incorrect email password.]">
      <![CDATA[java.lang.AssertionError: expected [Incorrect email or password.] but found [Incorrect email password.]
at Selenium.Framework.ErrorValidation.LoginErrorValidation(ErrorValidation.java:22)
at java.base/java.util.ArrayList.forEach(ArrayList.java:1596)
... Removed 35 stack frames]]>
    </failure>
  </testcase> <!-- LoginErrorValidation -->
  <testcase classname="Selenium.Framework.ErrorValidation" name="VerifyProductAdded" time="6.358">
    <failure type="java.lang.NullPointerException" message="Cannot invoke &amp;quot;org.openqa.selenium.WebElement.findElement(org.openqa.selenium.By)&amp;quot; because &amp;quot;product&amp;quot; is null">
      <![CDATA[java.lang.NullPointerException: Cannot invoke "org.openqa.selenium.WebElement.findElement(org.openqa.selenium.By)" because "product" is null
at Framework.ProductList.AddToCart(ProductList.java:48)
at Selenium.Framework.ErrorValidation.VerifyProductAdded(ErrorValidation.java:34)
at java.base/java.util.ArrayList.forEach(ArrayList.java:1596)
... Removed 29 stack frames]]>
    </failure>
  </testcase> <!-- VerifyProductAdded -->
</testsuite> <!-- ErrorValidation -->
